<?xml version="1.0" encoding="UTF-8"?>
<!-- Generated by org.testng.reporters.JUnitReportReporter -->
<testsuite hostname="KISHONA" failures="0" tests="8" name="UserFlow.SwagLabs" time="2.051" errors="0" timestamp="2024-04-06T19:05:27 IST" skipped="0">
  <testcase classname="UserFlow.SwagLabs" name="verifyLogin" time="0.491"/>
  <testcase classname="UserFlow.SwagLabs" name="validateDropdown" time="0.206"/>
  <testcase classname="UserFlow.SwagLabs" name="isAddtoCartButtonDisplayed" time="0.063"/>
  <testcase classname="UserFlow.SwagLabs" name="addToCart" time="0.373"/>
  <testcase classname="UserFlow.SwagLabs" name="removeItemFromCart" time="0.087"/>
  <testcase classname="UserFlow.SwagLabs" name="checkout" time="0.518"/>
  <testcase classname="UserFlow.SwagLabs" name="checkoutPage" time="0.116"/>
  <testcase classname="UserFlow.SwagLabs" name="takeScreenshot" time="0.197"/>
</testsuite> <!-- UserFlow.SwagLabs -->
